15:20:32.272 [main] INFO  com.prokarma.base.TestBase - Loading all the required files
15:20:32.322 [main] INFO  com.prokarma.utils.PropertiesReader - Loading the property file : src\com\amex\config\config.properties
15:20:32.332 [main] INFO  com.prokarma.utils.PropertiesReader - src\com\amex\config\config.properties (The system cannot find the path specified)
java.io.FileNotFoundException: src\com\amex\config\config.properties (The system cannot find the path specified)
	at java.io.FileInputStream.open(Native Method) ~[na:1.8.0_20]
	at java.io.FileInputStream.<init>(FileInputStream.java:138) ~[na:1.8.0_20]
	at java.io.FileInputStream.<init>(FileInputStream.java:93) ~[na:1.8.0_20]
	at com.prokarma.utils.PropertiesReader.loadPropertyFile(PropertiesReader.java:33) ~[bin/:na]
	at com.prokarma.base.TestBase.setUp(TestBase.java:35) [bin/:na]
	at sun.reflect.NativeMethodAccessorImpl.invoke0(Native Method) ~[na:1.8.0_20]
	at sun.reflect.NativeMethodAccessorImpl.invoke(NativeMethodAccessorImpl.java:62) ~[na:1.8.0_20]
	at sun.reflect.DelegatingMethodAccessorImpl.invoke(DelegatingMethodAccessorImpl.java:43) ~[na:1.8.0_20]
	at java.lang.reflect.Method.invoke(Method.java:483) ~[na:1.8.0_20]
	at org.testng.internal.MethodInvocationHelper.invokeMethod(MethodInvocationHelper.java:84) [testng.jar:6.8.7beta-201309140723]
	at org.testng.internal.Invoker.invokeConfigurationMethod(Invoker.java:564) [testng.jar:6.8.7beta-201309140723]
	at org.testng.internal.Invoker.invokeConfigurations(Invoker.java:213) [testng.jar:6.8.7beta-201309140723]
	at org.testng.internal.Invoker.invokeConfigurations(Invoker.java:138) [testng.jar:6.8.7beta-201309140723]
	at org.testng.SuiteRunner.privateRun(SuiteRunner.java:277) [testng.jar:6.8.7beta-201309140723]
	at org.testng.SuiteRunner.run(SuiteRunner.java:240) [testng.jar:6.8.7beta-201309140723]
	at org.testng.SuiteRunnerWorker.runSuite(SuiteRunnerWorker.java:52) [testng.jar:6.8.7beta-201309140723]
	at org.testng.SuiteRunnerWorker.run(SuiteRunnerWorker.java:86) [testng.jar:6.8.7beta-201309140723]
	at org.testng.TestNG.runSuitesSequentially(TestNG.java:1224) [testng.jar:6.8.7beta-201309140723]
	at org.testng.TestNG.runSuitesLocally(TestNG.java:1149) [testng.jar:6.8.7beta-201309140723]
	at org.testng.TestNG.run(TestNG.java:1057) [testng.jar:6.8.7beta-201309140723]
	at org.testng.remote.RemoteTestNG.run(RemoteTestNG.java:111) [testng.jar:6.8.7beta-201309140723]
	at org.testng.remote.RemoteTestNG.initAndRun(RemoteTestNG.java:204) [testng.jar:6.8.7beta-201309140723]
	at org.testng.remote.RemoteTestNG.main(RemoteTestNG.java:175) [testng.jar:6.8.7beta-201309140723]
15:20:32.332 [main] INFO  com.prokarma.utils.PropertiesReader - Loading the property file : src\com\amex\config\request\null
15:20:32.332 [main] INFO  com.prokarma.utils.PropertiesReader - src\com\amex\config\request\null (The system cannot find the path specified)
java.io.FileNotFoundException: src\com\amex\config\request\null (The system cannot find the path specified)
	at java.io.FileInputStream.open(Native Method) ~[na:1.8.0_20]
	at java.io.FileInputStream.<init>(FileInputStream.java:138) ~[na:1.8.0_20]
	at java.io.FileInputStream.<init>(FileInputStream.java:93) ~[na:1.8.0_20]
	at com.prokarma.utils.PropertiesReader.loadPropertyFile(PropertiesReader.java:33) ~[bin/:na]
	at com.prokarma.base.TestBase.setUp(TestBase.java:41) [bin/:na]
	at sun.reflect.NativeMethodAccessorImpl.invoke0(Native Method) ~[na:1.8.0_20]
	at sun.reflect.NativeMethodAccessorImpl.invoke(NativeMethodAccessorImpl.java:62) ~[na:1.8.0_20]
	at sun.reflect.DelegatingMethodAccessorImpl.invoke(DelegatingMethodAccessorImpl.java:43) ~[na:1.8.0_20]
	at java.lang.reflect.Method.invoke(Method.java:483) ~[na:1.8.0_20]
	at org.testng.internal.MethodInvocationHelper.invokeMethod(MethodInvocationHelper.java:84) [testng.jar:6.8.7beta-201309140723]
	at org.testng.internal.Invoker.invokeConfigurationMethod(Invoker.java:564) [testng.jar:6.8.7beta-201309140723]
	at org.testng.internal.Invoker.invokeConfigurations(Invoker.java:213) [testng.jar:6.8.7beta-201309140723]
	at org.testng.internal.Invoker.invokeConfigurations(Invoker.java:138) [testng.jar:6.8.7beta-201309140723]
	at org.testng.SuiteRunner.privateRun(SuiteRunner.java:277) [testng.jar:6.8.7beta-201309140723]
	at org.testng.SuiteRunner.run(SuiteRunner.java:240) [testng.jar:6.8.7beta-201309140723]
	at org.testng.SuiteRunnerWorker.runSuite(SuiteRunnerWorker.java:52) [testng.jar:6.8.7beta-201309140723]
	at org.testng.SuiteRunnerWorker.run(SuiteRunnerWorker.java:86) [testng.jar:6.8.7beta-201309140723]
	at org.testng.TestNG.runSuitesSequentially(TestNG.java:1224) [testng.jar:6.8.7beta-201309140723]
	at org.testng.TestNG.runSuitesLocally(TestNG.java:1149) [testng.jar:6.8.7beta-201309140723]
	at org.testng.TestNG.run(TestNG.java:1057) [testng.jar:6.8.7beta-201309140723]
	at org.testng.remote.RemoteTestNG.run(RemoteTestNG.java:111) [testng.jar:6.8.7beta-201309140723]
	at org.testng.remote.RemoteTestNG.initAndRun(RemoteTestNG.java:204) [testng.jar:6.8.7beta-201309140723]
	at org.testng.remote.RemoteTestNG.main(RemoteTestNG.java:175) [testng.jar:6.8.7beta-201309140723]
15:20:32.332 [main] INFO  com.prokarma.utils.PropertiesReader - Loading the property file : src\com\amex\config\errorhandles\null
15:20:32.332 [main] INFO  com.prokarma.utils.PropertiesReader - src\com\amex\config\errorhandles\null (The system cannot find the path specified)
java.io.FileNotFoundException: src\com\amex\config\errorhandles\null (The system cannot find the path specified)
	at java.io.FileInputStream.open(Native Method) ~[na:1.8.0_20]
	at java.io.FileInputStream.<init>(FileInputStream.java:138) ~[na:1.8.0_20]
	at java.io.FileInputStream.<init>(FileInputStream.java:93) ~[na:1.8.0_20]
	at com.prokarma.utils.PropertiesReader.loadPropertyFile(PropertiesReader.java:33) ~[bin/:na]
	at com.prokarma.base.TestBase.setUp(TestBase.java:44) [bin/:na]
	at sun.reflect.NativeMethodAccessorImpl.invoke0(Native Method) ~[na:1.8.0_20]
	at sun.reflect.NativeMethodAccessorImpl.invoke(NativeMethodAccessorImpl.java:62) ~[na:1.8.0_20]
	at sun.reflect.DelegatingMethodAccessorImpl.invoke(DelegatingMethodAccessorImpl.java:43) ~[na:1.8.0_20]
	at java.lang.reflect.Method.invoke(Method.java:483) ~[na:1.8.0_20]
	at org.testng.internal.MethodInvocationHelper.invokeMethod(MethodInvocationHelper.java:84) [testng.jar:6.8.7beta-201309140723]
	at org.testng.internal.Invoker.invokeConfigurationMethod(Invoker.java:564) [testng.jar:6.8.7beta-201309140723]
	at org.testng.internal.Invoker.invokeConfigurations(Invoker.java:213) [testng.jar:6.8.7beta-201309140723]
	at org.testng.internal.Invoker.invokeConfigurations(Invoker.java:138) [testng.jar:6.8.7beta-201309140723]
	at org.testng.SuiteRunner.privateRun(SuiteRunner.java:277) [testng.jar:6.8.7beta-201309140723]
	at org.testng.SuiteRunner.run(SuiteRunner.java:240) [testng.jar:6.8.7beta-201309140723]
	at org.testng.SuiteRunnerWorker.runSuite(SuiteRunnerWorker.java:52) [testng.jar:6.8.7beta-201309140723]
	at org.testng.SuiteRunnerWorker.run(SuiteRunnerWorker.java:86) [testng.jar:6.8.7beta-201309140723]
	at org.testng.TestNG.runSuitesSequentially(TestNG.java:1224) [testng.jar:6.8.7beta-201309140723]
	at org.testng.TestNG.runSuitesLocally(TestNG.java:1149) [testng.jar:6.8.7beta-201309140723]
	at org.testng.TestNG.run(TestNG.java:1057) [testng.jar:6.8.7beta-201309140723]
	at org.testng.remote.RemoteTestNG.run(RemoteTestNG.java:111) [testng.jar:6.8.7beta-201309140723]
	at org.testng.remote.RemoteTestNG.initAndRun(RemoteTestNG.java:204) [testng.jar:6.8.7beta-201309140723]
	at org.testng.remote.RemoteTestNG.main(RemoteTestNG.java:175) [testng.jar:6.8.7beta-201309140723]
15:20:32.332 [main] INFO  com.prokarma.utils.FileUtil - Loading the Excel file : src\com\amex\testdata\null
15:20:32.332 [main] ERROR com.prokarma.utils.ExcelReader - src\com\amex\testdata\null (The system cannot find the path specified)
15:20:32.382 [main] INFO  com.prokarma.utils.DbReader -  Trying to create instance for DB
15:20:32.382 [main] INFO  com.prokarma.utils.DbReader -  Trying to connect database
15:28:55.140 [main] INFO  com.prokarma.base.TestBase - Loading all the required files
15:28:55.150 [main] INFO  com.prokarma.utils.PropertiesReader - Loading the property file : src\com\amex\config\config.properties
15:28:55.150 [main] INFO  com.prokarma.utils.PropertiesReader - src\com\amex\config\config.properties (The system cannot find the path specified)
java.io.FileNotFoundException: src\com\amex\config\config.properties (The system cannot find the path specified)
	at java.io.FileInputStream.open(Native Method) ~[na:1.8.0_20]
	at java.io.FileInputStream.<init>(FileInputStream.java:138) ~[na:1.8.0_20]
	at java.io.FileInputStream.<init>(FileInputStream.java:93) ~[na:1.8.0_20]
	at com.prokarma.utils.PropertiesReader.loadPropertyFile(PropertiesReader.java:33) ~[bin/:na]
	at com.prokarma.base.TestBase.setUp(TestBase.java:35) [bin/:na]
	at sun.reflect.NativeMethodAccessorImpl.invoke0(Native Method) ~[na:1.8.0_20]
	at sun.reflect.NativeMethodAccessorImpl.invoke(NativeMethodAccessorImpl.java:62) ~[na:1.8.0_20]
	at sun.reflect.DelegatingMethodAccessorImpl.invoke(DelegatingMethodAccessorImpl.java:43) ~[na:1.8.0_20]
	at java.lang.reflect.Method.invoke(Method.java:483) ~[na:1.8.0_20]
	at org.testng.internal.MethodInvocationHelper.invokeMethod(MethodInvocationHelper.java:84) [testng.jar:6.8.7beta-201309140723]
	at org.testng.internal.Invoker.invokeConfigurationMethod(Invoker.java:564) [testng.jar:6.8.7beta-201309140723]
	at org.testng.internal.Invoker.invokeConfigurations(Invoker.java:213) [testng.jar:6.8.7beta-201309140723]
	at org.testng.internal.Invoker.invokeConfigurations(Invoker.java:138) [testng.jar:6.8.7beta-201309140723]
	at org.testng.SuiteRunner.privateRun(SuiteRunner.java:277) [testng.jar:6.8.7beta-201309140723]
	at org.testng.SuiteRunner.run(SuiteRunner.java:240) [testng.jar:6.8.7beta-201309140723]
	at org.testng.SuiteRunnerWorker.runSuite(SuiteRunnerWorker.java:52) [testng.jar:6.8.7beta-201309140723]
	at org.testng.SuiteRunnerWorker.run(SuiteRunnerWorker.java:86) [testng.jar:6.8.7beta-201309140723]
	at org.testng.TestNG.runSuitesSequentially(TestNG.java:1224) [testng.jar:6.8.7beta-201309140723]
	at org.testng.TestNG.runSuitesLocally(TestNG.java:1149) [testng.jar:6.8.7beta-201309140723]
	at org.testng.TestNG.run(TestNG.java:1057) [testng.jar:6.8.7beta-201309140723]
	at org.testng.remote.RemoteTestNG.run(RemoteTestNG.java:111) [testng.jar:6.8.7beta-201309140723]
	at org.testng.remote.RemoteTestNG.initAndRun(RemoteTestNG.java:204) [testng.jar:6.8.7beta-201309140723]
	at org.testng.remote.RemoteTestNG.main(RemoteTestNG.java:175) [testng.jar:6.8.7beta-201309140723]
15:28:55.150 [main] INFO  com.prokarma.utils.PropertiesReader - Loading the property file : src\com\amex\config\request\null
15:28:55.150 [main] INFO  com.prokarma.utils.PropertiesReader - src\com\amex\config\request\null (The system cannot find the path specified)
java.io.FileNotFoundException: src\com\amex\config\request\null (The system cannot find the path specified)
	at java.io.FileInputStream.open(Native Method) ~[na:1.8.0_20]
	at java.io.FileInputStream.<init>(FileInputStream.java:138) ~[na:1.8.0_20]
	at java.io.FileInputStream.<init>(FileInputStream.java:93) ~[na:1.8.0_20]
	at com.prokarma.utils.PropertiesReader.loadPropertyFile(PropertiesReader.java:33) ~[bin/:na]
	at com.prokarma.base.TestBase.setUp(TestBase.java:41) [bin/:na]
	at sun.reflect.NativeMethodAccessorImpl.invoke0(Native Method) ~[na:1.8.0_20]
	at sun.reflect.NativeMethodAccessorImpl.invoke(NativeMethodAccessorImpl.java:62) ~[na:1.8.0_20]
	at sun.reflect.DelegatingMethodAccessorImpl.invoke(DelegatingMethodAccessorImpl.java:43) ~[na:1.8.0_20]
	at java.lang.reflect.Method.invoke(Method.java:483) ~[na:1.8.0_20]
	at org.testng.internal.MethodInvocationHelper.invokeMethod(MethodInvocationHelper.java:84) [testng.jar:6.8.7beta-201309140723]
	at org.testng.internal.Invoker.invokeConfigurationMethod(Invoker.java:564) [testng.jar:6.8.7beta-201309140723]
	at org.testng.internal.Invoker.invokeConfigurations(Invoker.java:213) [testng.jar:6.8.7beta-201309140723]
	at org.testng.internal.Invoker.invokeConfigurations(Invoker.java:138) [testng.jar:6.8.7beta-201309140723]
	at org.testng.SuiteRunner.privateRun(SuiteRunner.java:277) [testng.jar:6.8.7beta-201309140723]
	at org.testng.SuiteRunner.run(SuiteRunner.java:240) [testng.jar:6.8.7beta-201309140723]
	at org.testng.SuiteRunnerWorker.runSuite(SuiteRunnerWorker.java:52) [testng.jar:6.8.7beta-201309140723]
	at org.testng.SuiteRunnerWorker.run(SuiteRunnerWorker.java:86) [testng.jar:6.8.7beta-201309140723]
	at org.testng.TestNG.runSuitesSequentially(TestNG.java:1224) [testng.jar:6.8.7beta-201309140723]
	at org.testng.TestNG.runSuitesLocally(TestNG.java:1149) [testng.jar:6.8.7beta-201309140723]
	at org.testng.TestNG.run(TestNG.java:1057) [testng.jar:6.8.7beta-201309140723]
	at org.testng.remote.RemoteTestNG.run(RemoteTestNG.java:111) [testng.jar:6.8.7beta-201309140723]
	at org.testng.remote.RemoteTestNG.initAndRun(RemoteTestNG.java:204) [testng.jar:6.8.7beta-201309140723]
	at org.testng.remote.RemoteTestNG.main(RemoteTestNG.java:175) [testng.jar:6.8.7beta-201309140723]
15:28:55.150 [main] INFO  com.prokarma.utils.PropertiesReader - Loading the property file : src\com\amex\config\errorhandles\null
15:28:55.150 [main] INFO  com.prokarma.utils.PropertiesReader - src\com\amex\config\errorhandles\null (The system cannot find the path specified)
java.io.FileNotFoundException: src\com\amex\config\errorhandles\null (The system cannot find the path specified)
	at java.io.FileInputStream.open(Native Method) ~[na:1.8.0_20]
	at java.io.FileInputStream.<init>(FileInputStream.java:138) ~[na:1.8.0_20]
	at java.io.FileInputStream.<init>(FileInputStream.java:93) ~[na:1.8.0_20]
	at com.prokarma.utils.PropertiesReader.loadPropertyFile(PropertiesReader.java:33) ~[bin/:na]
	at com.prokarma.base.TestBase.setUp(TestBase.java:44) [bin/:na]
	at sun.reflect.NativeMethodAccessorImpl.invoke0(Native Method) ~[na:1.8.0_20]
	at sun.reflect.NativeMethodAccessorImpl.invoke(NativeMethodAccessorImpl.java:62) ~[na:1.8.0_20]
	at sun.reflect.DelegatingMethodAccessorImpl.invoke(DelegatingMethodAccessorImpl.java:43) ~[na:1.8.0_20]
	at java.lang.reflect.Method.invoke(Method.java:483) ~[na:1.8.0_20]
	at org.testng.internal.MethodInvocationHelper.invokeMethod(MethodInvocationHelper.java:84) [testng.jar:6.8.7beta-201309140723]
	at org.testng.internal.Invoker.invokeConfigurationMethod(Invoker.java:564) [testng.jar:6.8.7beta-201309140723]
	at org.testng.internal.Invoker.invokeConfigurations(Invoker.java:213) [testng.jar:6.8.7beta-201309140723]
	at org.testng.internal.Invoker.invokeConfigurations(Invoker.java:138) [testng.jar:6.8.7beta-201309140723]
	at org.testng.SuiteRunner.privateRun(SuiteRunner.java:277) [testng.jar:6.8.7beta-201309140723]
	at org.testng.SuiteRunner.run(SuiteRunner.java:240) [testng.jar:6.8.7beta-201309140723]
	at org.testng.SuiteRunnerWorker.runSuite(SuiteRunnerWorker.java:52) [testng.jar:6.8.7beta-201309140723]
	at org.testng.SuiteRunnerWorker.run(SuiteRunnerWorker.java:86) [testng.jar:6.8.7beta-201309140723]
	at org.testng.TestNG.runSuitesSequentially(TestNG.java:1224) [testng.jar:6.8.7beta-201309140723]
	at org.testng.TestNG.runSuitesLocally(TestNG.java:1149) [testng.jar:6.8.7beta-201309140723]
	at org.testng.TestNG.run(TestNG.java:1057) [testng.jar:6.8.7beta-201309140723]
	at org.testng.remote.RemoteTestNG.run(RemoteTestNG.java:111) [testng.jar:6.8.7beta-201309140723]
	at org.testng.remote.RemoteTestNG.initAndRun(RemoteTestNG.java:204) [testng.jar:6.8.7beta-201309140723]
	at org.testng.remote.RemoteTestNG.main(RemoteTestNG.java:175) [testng.jar:6.8.7beta-201309140723]
15:28:55.150 [main] INFO  com.prokarma.utils.FileUtil - Loading the Excel file : src\com\amex\testdata\null
15:28:55.160 [main] ERROR com.prokarma.utils.ExcelReader - src\com\amex\testdata\null (The system cannot find the path specified)
15:28:55.160 [main] INFO  com.prokarma.utils.DbReader -  Trying to create instance for DB
15:28:55.160 [main] INFO  com.prokarma.utils.DbReader -  Trying to connect database
15:28:55.160 [main] INFO  com.prokarma.utils.DbReader - com.mysql.jdbc.Driver
java.lang.ClassNotFoundException: com.mysql.jdbc.Driver
	at java.net.URLClassLoader$1.run(URLClassLoader.java:372) ~[na:1.8.0_20]
	at java.net.URLClassLoader$1.run(URLClassLoader.java:361) ~[na:1.8.0_20]
	at java.security.AccessController.doPrivileged(Native Method) ~[na:1.8.0_20]
	at java.net.URLClassLoader.findClass(URLClassLoader.java:360) ~[na:1.8.0_20]
	at java.lang.ClassLoader.loadClass(ClassLoader.java:424) ~[na:1.8.0_20]
	at sun.misc.Launcher$AppClassLoader.loadClass(Launcher.java:308) ~[na:1.8.0_20]
	at java.lang.ClassLoader.loadClass(ClassLoader.java:357) ~[na:1.8.0_20]
	at java.lang.Class.forName0(Native Method) ~[na:1.8.0_20]
	at java.lang.Class.forName(Class.java:259) ~[na:1.8.0_20]
	at com.prokarma.utils.DbReader.<init>(DbReader.java:45) [bin/:na]
	at com.prokarma.utils.DbReader.getInstance(DbReader.java:105) [bin/:na]
	at com.prokarma.utils.DB2Manager.<init>(DB2Manager.java:33) [bin/:na]
	at com.prokarma.testfactory.APITestFactory.init(APITestFactory.java:70) [bin/:na]
	at sun.reflect.NativeMethodAccessorImpl.invoke0(Native Method) ~[na:1.8.0_20]
	at sun.reflect.NativeMethodAccessorImpl.invoke(NativeMethodAccessorImpl.java:62) ~[na:1.8.0_20]
	at sun.reflect.DelegatingMethodAccessorImpl.invoke(DelegatingMethodAccessorImpl.java:43) ~[na:1.8.0_20]
	at java.lang.reflect.Method.invoke(Method.java:483) ~[na:1.8.0_20]
	at org.testng.internal.MethodInvocationHelper.invokeMethod(MethodInvocationHelper.java:84) [testng.jar:6.8.7beta-201309140723]
	at org.testng.internal.Invoker.invokeConfigurationMethod(Invoker.java:564) [testng.jar:6.8.7beta-201309140723]
	at org.testng.internal.Invoker.invokeConfigurations(Invoker.java:213) [testng.jar:6.8.7beta-201309140723]
	at org.testng.internal.Invoker.invokeConfigurations(Invoker.java:138) [testng.jar:6.8.7beta-201309140723]
	at org.testng.internal.TestMethodWorker.invokeBeforeClassMethods(TestMethodWorker.java:175) [testng.jar:6.8.7beta-201309140723]
	at org.testng.internal.TestMethodWorker.run(TestMethodWorker.java:107) [testng.jar:6.8.7beta-201309140723]
	at org.testng.TestRunner.privateRun(TestRunner.java:767) [testng.jar:6.8.7beta-201309140723]
	at org.testng.TestRunner.run(TestRunner.java:617) [testng.jar:6.8.7beta-201309140723]
	at org.testng.SuiteRunner.runTest(SuiteRunner.java:334) [testng.jar:6.8.7beta-201309140723]
	at org.testng.SuiteRunner.runSequentially(SuiteRunner.java:329) [testng.jar:6.8.7beta-201309140723]
	at org.testng.SuiteRunner.privateRun(SuiteRunner.java:291) [testng.jar:6.8.7beta-201309140723]
	at org.testng.SuiteRunner.run(SuiteRunner.java:240) [testng.jar:6.8.7beta-201309140723]
	at org.testng.SuiteRunnerWorker.runSuite(SuiteRunnerWorker.java:52) [testng.jar:6.8.7beta-201309140723]
	at org.testng.SuiteRunnerWorker.run(SuiteRunnerWorker.java:86) [testng.jar:6.8.7beta-201309140723]
	at org.testng.TestNG.runSuitesSequentially(TestNG.java:1224) [testng.jar:6.8.7beta-201309140723]
	at org.testng.TestNG.runSuitesLocally(TestNG.java:1149) [testng.jar:6.8.7beta-201309140723]
	at org.testng.TestNG.run(TestNG.java:1057) [testng.jar:6.8.7beta-201309140723]
	at org.testng.remote.RemoteTestNG.run(RemoteTestNG.java:111) [testng.jar:6.8.7beta-201309140723]
	at org.testng.remote.RemoteTestNG.initAndRun(RemoteTestNG.java:204) [testng.jar:6.8.7beta-201309140723]
	at org.testng.remote.RemoteTestNG.main(RemoteTestNG.java:175) [testng.jar:6.8.7beta-201309140723]
15:28:55.160 [main] INFO  c.p.testfactory.APITestFactory - com.mysql.jdbc.Driver
15:28:55.160 [main] INFO  c.p.testfactory.APITestFactory - Test Failed : com.mysql.jdbc.Driver
