12:02:59.991 [main] INFO  com.prokarma.base.TestBase - Loading all the required files
12:03:00.001 [main] INFO  com.prokarma.utils.PropertiesReader - Loading the property file : src\com\prokarma\config\config.properties
12:03:00.001 [main] INFO  com.prokarma.utils.PropertiesReader - src\com\prokarma\config\config.properties (The system cannot find the file specified)
java.io.FileNotFoundException: src\com\prokarma\config\config.properties (The system cannot find the file specified)
	at java.io.FileInputStream.open(Native Method) ~[na:1.8.0_20]
	at java.io.FileInputStream.<init>(FileInputStream.java:138) ~[na:1.8.0_20]
	at java.io.FileInputStream.<init>(FileInputStream.java:93) ~[na:1.8.0_20]
	at com.prokarma.utils.PropertiesReader.loadPropertyFile(PropertiesReader.java:33) ~[classes/:na]
	at com.prokarma.base.TestBase.setUp(TestBase.java:35) [classes/:na]
	at sun.reflect.NativeMethodAccessorImpl.invoke0(Native Method) ~[na:1.8.0_20]
	at sun.reflect.NativeMethodAccessorImpl.invoke(NativeMethodAccessorImpl.java:62) ~[na:1.8.0_20]
	at sun.reflect.DelegatingMethodAccessorImpl.invoke(DelegatingMethodAccessorImpl.java:43) ~[na:1.8.0_20]
	at java.lang.reflect.Method.invoke(Method.java:483) ~[na:1.8.0_20]
	at org.testng.internal.MethodInvocationHelper.invokeMethod(MethodInvocationHelper.java:84) [testng-6.8.8.jar:na]
	at org.testng.internal.Invoker.invokeConfigurationMethod(Invoker.java:564) [testng-6.8.8.jar:na]
	at org.testng.internal.Invoker.invokeConfigurations(Invoker.java:213) [testng-6.8.8.jar:na]
	at org.testng.internal.Invoker.invokeConfigurations(Invoker.java:138) [testng-6.8.8.jar:na]
	at org.testng.SuiteRunner.privateRun(SuiteRunner.java:291) [testng-6.8.8.jar:na]
	at org.testng.SuiteRunner.run(SuiteRunner.java:254) [testng-6.8.8.jar:na]
	at org.testng.SuiteRunnerWorker.runSuite(SuiteRunnerWorker.java:52) [testng-6.8.8.jar:na]
	at org.testng.SuiteRunnerWorker.run(SuiteRunnerWorker.java:86) [testng-6.8.8.jar:na]
	at org.testng.TestNG.runSuitesSequentially(TestNG.java:1224) [testng-6.8.8.jar:na]
	at org.testng.TestNG.runSuitesLocally(TestNG.java:1149) [testng-6.8.8.jar:na]
	at org.testng.TestNG.run(TestNG.java:1057) [testng-6.8.8.jar:na]
	at org.apache.maven.surefire.testng.TestNGExecutor.run(TestNGExecutor.java:295) [surefire-testng-2.18.jar:2.18]
	at org.apache.maven.surefire.testng.TestNGXmlTestSuite.execute(TestNGXmlTestSuite.java:84) [surefire-testng-2.18.jar:2.18]
	at org.apache.maven.surefire.testng.TestNGProvider.invoke(TestNGProvider.java:90) [surefire-testng-2.18.jar:2.18]
	at org.apache.maven.surefire.booter.ForkedBooter.invokeProviderInSameClassLoader(ForkedBooter.java:203) [surefire-booter-2.18.jar:2.18]
	at org.apache.maven.surefire.booter.ForkedBooter.runSuitesInProcess(ForkedBooter.java:155) [surefire-booter-2.18.jar:2.18]
	at org.apache.maven.surefire.booter.ForkedBooter.main(ForkedBooter.java:103) [surefire-booter-2.18.jar:2.18]
12:03:00.001 [main] INFO  com.prokarma.utils.PropertiesReader - Loading the property file : src\com\prokarma\config\request\null
12:03:00.001 [main] INFO  com.prokarma.utils.PropertiesReader - src\com\prokarma\config\request\null (The system cannot find the file specified)
java.io.FileNotFoundException: src\com\prokarma\config\request\null (The system cannot find the file specified)
	at java.io.FileInputStream.open(Native Method) ~[na:1.8.0_20]
	at java.io.FileInputStream.<init>(FileInputStream.java:138) ~[na:1.8.0_20]
	at java.io.FileInputStream.<init>(FileInputStream.java:93) ~[na:1.8.0_20]
	at com.prokarma.utils.PropertiesReader.loadPropertyFile(PropertiesReader.java:33) ~[classes/:na]
	at com.prokarma.base.TestBase.setUp(TestBase.java:41) [classes/:na]
	at sun.reflect.NativeMethodAccessorImpl.invoke0(Native Method) ~[na:1.8.0_20]
	at sun.reflect.NativeMethodAccessorImpl.invoke(NativeMethodAccessorImpl.java:62) ~[na:1.8.0_20]
	at sun.reflect.DelegatingMethodAccessorImpl.invoke(DelegatingMethodAccessorImpl.java:43) ~[na:1.8.0_20]
	at java.lang.reflect.Method.invoke(Method.java:483) ~[na:1.8.0_20]
	at org.testng.internal.MethodInvocationHelper.invokeMethod(MethodInvocationHelper.java:84) [testng-6.8.8.jar:na]
	at org.testng.internal.Invoker.invokeConfigurationMethod(Invoker.java:564) [testng-6.8.8.jar:na]
	at org.testng.internal.Invoker.invokeConfigurations(Invoker.java:213) [testng-6.8.8.jar:na]
	at org.testng.internal.Invoker.invokeConfigurations(Invoker.java:138) [testng-6.8.8.jar:na]
	at org.testng.SuiteRunner.privateRun(SuiteRunner.java:291) [testng-6.8.8.jar:na]
	at org.testng.SuiteRunner.run(SuiteRunner.java:254) [testng-6.8.8.jar:na]
	at org.testng.SuiteRunnerWorker.runSuite(SuiteRunnerWorker.java:52) [testng-6.8.8.jar:na]
	at org.testng.SuiteRunnerWorker.run(SuiteRunnerWorker.java:86) [testng-6.8.8.jar:na]
	at org.testng.TestNG.runSuitesSequentially(TestNG.java:1224) [testng-6.8.8.jar:na]
	at org.testng.TestNG.runSuitesLocally(TestNG.java:1149) [testng-6.8.8.jar:na]
	at org.testng.TestNG.run(TestNG.java:1057) [testng-6.8.8.jar:na]
	at org.apache.maven.surefire.testng.TestNGExecutor.run(TestNGExecutor.java:295) [surefire-testng-2.18.jar:2.18]
	at org.apache.maven.surefire.testng.TestNGXmlTestSuite.execute(TestNGXmlTestSuite.java:84) [surefire-testng-2.18.jar:2.18]
	at org.apache.maven.surefire.testng.TestNGProvider.invoke(TestNGProvider.java:90) [surefire-testng-2.18.jar:2.18]
	at org.apache.maven.surefire.booter.ForkedBooter.invokeProviderInSameClassLoader(ForkedBooter.java:203) [surefire-booter-2.18.jar:2.18]
	at org.apache.maven.surefire.booter.ForkedBooter.runSuitesInProcess(ForkedBooter.java:155) [surefire-booter-2.18.jar:2.18]
	at org.apache.maven.surefire.booter.ForkedBooter.main(ForkedBooter.java:103) [surefire-booter-2.18.jar:2.18]
12:03:00.011 [main] INFO  com.prokarma.utils.PropertiesReader - Loading the property file : src\com\prokarma\config\errorhandles\null
12:03:00.011 [main] INFO  com.prokarma.utils.PropertiesReader - src\com\prokarma\config\errorhandles\null (The system cannot find the path specified)
java.io.FileNotFoundException: src\com\prokarma\config\errorhandles\null (The system cannot find the path specified)
	at java.io.FileInputStream.open(Native Method) ~[na:1.8.0_20]
	at java.io.FileInputStream.<init>(FileInputStream.java:138) ~[na:1.8.0_20]
	at java.io.FileInputStream.<init>(FileInputStream.java:93) ~[na:1.8.0_20]
	at com.prokarma.utils.PropertiesReader.loadPropertyFile(PropertiesReader.java:33) ~[classes/:na]
	at com.prokarma.base.TestBase.setUp(TestBase.java:44) [classes/:na]
	at sun.reflect.NativeMethodAccessorImpl.invoke0(Native Method) ~[na:1.8.0_20]
	at sun.reflect.NativeMethodAccessorImpl.invoke(NativeMethodAccessorImpl.java:62) ~[na:1.8.0_20]
	at sun.reflect.DelegatingMethodAccessorImpl.invoke(DelegatingMethodAccessorImpl.java:43) ~[na:1.8.0_20]
	at java.lang.reflect.Method.invoke(Method.java:483) ~[na:1.8.0_20]
	at org.testng.internal.MethodInvocationHelper.invokeMethod(MethodInvocationHelper.java:84) [testng-6.8.8.jar:na]
	at org.testng.internal.Invoker.invokeConfigurationMethod(Invoker.java:564) [testng-6.8.8.jar:na]
	at org.testng.internal.Invoker.invokeConfigurations(Invoker.java:213) [testng-6.8.8.jar:na]
	at org.testng.internal.Invoker.invokeConfigurations(Invoker.java:138) [testng-6.8.8.jar:na]
	at org.testng.SuiteRunner.privateRun(SuiteRunner.java:291) [testng-6.8.8.jar:na]
	at org.testng.SuiteRunner.run(SuiteRunner.java:254) [testng-6.8.8.jar:na]
	at org.testng.SuiteRunnerWorker.runSuite(SuiteRunnerWorker.java:52) [testng-6.8.8.jar:na]
	at org.testng.SuiteRunnerWorker.run(SuiteRunnerWorker.java:86) [testng-6.8.8.jar:na]
	at org.testng.TestNG.runSuitesSequentially(TestNG.java:1224) [testng-6.8.8.jar:na]
	at org.testng.TestNG.runSuitesLocally(TestNG.java:1149) [testng-6.8.8.jar:na]
	at org.testng.TestNG.run(TestNG.java:1057) [testng-6.8.8.jar:na]
	at org.apache.maven.surefire.testng.TestNGExecutor.run(TestNGExecutor.java:295) [surefire-testng-2.18.jar:2.18]
	at org.apache.maven.surefire.testng.TestNGXmlTestSuite.execute(TestNGXmlTestSuite.java:84) [surefire-testng-2.18.jar:2.18]
	at org.apache.maven.surefire.testng.TestNGProvider.invoke(TestNGProvider.java:90) [surefire-testng-2.18.jar:2.18]
	at org.apache.maven.surefire.booter.ForkedBooter.invokeProviderInSameClassLoader(ForkedBooter.java:203) [surefire-booter-2.18.jar:2.18]
	at org.apache.maven.surefire.booter.ForkedBooter.runSuitesInProcess(ForkedBooter.java:155) [surefire-booter-2.18.jar:2.18]
	at org.apache.maven.surefire.booter.ForkedBooter.main(ForkedBooter.java:103) [surefire-booter-2.18.jar:2.18]
12:03:00.011 [main] INFO  com.prokarma.utils.FileUtil - Loading the Excel file : src\com\prokarma\testdata\null
12:03:00.011 [main] ERROR com.prokarma.utils.ExcelReader - src\com\prokarma\testdata\null (The system cannot find the path specified)
12:03:00.021 [main] INFO  com.prokarma.utils.DbReader -  Trying to create instance for DB
12:03:00.021 [main] INFO  com.prokarma.utils.DbReader -  Trying to connect database
12:03:00.221 [main] INFO  com.prokarma.utils.PropertiesReader - Loading the property file : src\com\prokarma\config\config.properties
12:03:00.221 [main] INFO  com.prokarma.utils.PropertiesReader - src\com\prokarma\config\config.properties (The system cannot find the file specified)
java.io.FileNotFoundException: src\com\prokarma\config\config.properties (The system cannot find the file specified)
	at java.io.FileInputStream.open(Native Method) ~[na:1.8.0_20]
	at java.io.FileInputStream.<init>(FileInputStream.java:138) ~[na:1.8.0_20]
	at java.io.FileInputStream.<init>(FileInputStream.java:93) ~[na:1.8.0_20]
	at com.prokarma.utils.PropertiesReader.loadPropertyFile(PropertiesReader.java:33) ~[classes/:na]
	at com.prokarma.utils.DB2Manager.<init>(DB2Manager.java:37) [classes/:na]
	at com.prokarma.testfactory.APITestFactory.init(APITestFactory.java:71) [classes/:na]
	at sun.reflect.NativeMethodAccessorImpl.invoke0(Native Method) ~[na:1.8.0_20]
	at sun.reflect.NativeMethodAccessorImpl.invoke(NativeMethodAccessorImpl.java:62) ~[na:1.8.0_20]
	at sun.reflect.DelegatingMethodAccessorImpl.invoke(DelegatingMethodAccessorImpl.java:43) ~[na:1.8.0_20]
	at java.lang.reflect.Method.invoke(Method.java:483) ~[na:1.8.0_20]
	at org.testng.internal.MethodInvocationHelper.invokeMethod(MethodInvocationHelper.java:84) [testng-6.8.8.jar:na]
	at org.testng.internal.Invoker.invokeConfigurationMethod(Invoker.java:564) [testng-6.8.8.jar:na]
	at org.testng.internal.Invoker.invokeConfigurations(Invoker.java:213) [testng-6.8.8.jar:na]
	at org.testng.internal.Invoker.invokeConfigurations(Invoker.java:138) [testng-6.8.8.jar:na]
	at org.testng.internal.TestMethodWorker.invokeBeforeClassMethods(TestMethodWorker.java:175) [testng-6.8.8.jar:na]
	at org.testng.internal.TestMethodWorker.run(TestMethodWorker.java:107) [testng-6.8.8.jar:na]
	at org.testng.TestRunner.privateRun(TestRunner.java:767) [testng-6.8.8.jar:na]
	at org.testng.TestRunner.run(TestRunner.java:617) [testng-6.8.8.jar:na]
	at org.testng.SuiteRunner.runTest(SuiteRunner.java:348) [testng-6.8.8.jar:na]
	at org.testng.SuiteRunner.runSequentially(SuiteRunner.java:343) [testng-6.8.8.jar:na]
	at org.testng.SuiteRunner.privateRun(SuiteRunner.java:305) [testng-6.8.8.jar:na]
	at org.testng.SuiteRunner.run(SuiteRunner.java:254) [testng-6.8.8.jar:na]
	at org.testng.SuiteRunnerWorker.runSuite(SuiteRunnerWorker.java:52) [testng-6.8.8.jar:na]
	at org.testng.SuiteRunnerWorker.run(SuiteRunnerWorker.java:86) [testng-6.8.8.jar:na]
	at org.testng.TestNG.runSuitesSequentially(TestNG.java:1224) [testng-6.8.8.jar:na]
	at org.testng.TestNG.runSuitesLocally(TestNG.java:1149) [testng-6.8.8.jar:na]
	at org.testng.TestNG.run(TestNG.java:1057) [testng-6.8.8.jar:na]
	at org.apache.maven.surefire.testng.TestNGExecutor.run(TestNGExecutor.java:295) [surefire-testng-2.18.jar:2.18]
	at org.apache.maven.surefire.testng.TestNGXmlTestSuite.execute(TestNGXmlTestSuite.java:84) [surefire-testng-2.18.jar:2.18]
	at org.apache.maven.surefire.testng.TestNGProvider.invoke(TestNGProvider.java:90) [surefire-testng-2.18.jar:2.18]
	at org.apache.maven.surefire.booter.ForkedBooter.invokeProviderInSameClassLoader(ForkedBooter.java:203) [surefire-booter-2.18.jar:2.18]
	at org.apache.maven.surefire.booter.ForkedBooter.runSuitesInProcess(ForkedBooter.java:155) [surefire-booter-2.18.jar:2.18]
	at org.apache.maven.surefire.booter.ForkedBooter.main(ForkedBooter.java:103) [surefire-booter-2.18.jar:2.18]
12:03:00.241 [main] INFO  com.prokarma.utils.FileUtil - src\com\prokarma\testdata\null (The system cannot find the path specified)
java.io.FileNotFoundException: src\com\prokarma\testdata\null (The system cannot find the path specified)
	at java.io.FileInputStream.open(Native Method) ~[na:1.8.0_20]
	at java.io.FileInputStream.<init>(FileInputStream.java:138) ~[na:1.8.0_20]
	at com.prokarma.utils.FileUtil.copyFile(FileUtil.java:70) ~[classes/:na]
	at com.prokarma.testfactory.APITestFactory.tearDown(APITestFactory.java:566) [classes/:na]
	at sun.reflect.NativeMethodAccessorImpl.invoke0(Native Method) ~[na:1.8.0_20]
	at sun.reflect.NativeMethodAccessorImpl.invoke(NativeMethodAccessorImpl.java:62) ~[na:1.8.0_20]
	at sun.reflect.DelegatingMethodAccessorImpl.invoke(DelegatingMethodAccessorImpl.java:43) ~[na:1.8.0_20]
	at java.lang.reflect.Method.invoke(Method.java:483) ~[na:1.8.0_20]
	at org.testng.internal.MethodInvocationHelper.invokeMethod(MethodInvocationHelper.java:84) [testng-6.8.8.jar:na]
	at org.testng.internal.Invoker.invokeConfigurationMethod(Invoker.java:564) [testng-6.8.8.jar:na]
	at org.testng.internal.Invoker.invokeConfigurations(Invoker.java:213) [testng-6.8.8.jar:na]
	at org.testng.internal.Invoker.invokeConfigurations(Invoker.java:138) [testng-6.8.8.jar:na]
	at org.testng.SuiteRunner.privateRun(SuiteRunner.java:322) [testng-6.8.8.jar:na]
	at org.testng.SuiteRunner.run(SuiteRunner.java:254) [testng-6.8.8.jar:na]
	at org.testng.SuiteRunnerWorker.runSuite(SuiteRunnerWorker.java:52) [testng-6.8.8.jar:na]
	at org.testng.SuiteRunnerWorker.run(SuiteRunnerWorker.java:86) [testng-6.8.8.jar:na]
	at org.testng.TestNG.runSuitesSequentially(TestNG.java:1224) [testng-6.8.8.jar:na]
	at org.testng.TestNG.runSuitesLocally(TestNG.java:1149) [testng-6.8.8.jar:na]
	at org.testng.TestNG.run(TestNG.java:1057) [testng-6.8.8.jar:na]
	at org.apache.maven.surefire.testng.TestNGExecutor.run(TestNGExecutor.java:295) [surefire-testng-2.18.jar:2.18]
	at org.apache.maven.surefire.testng.TestNGXmlTestSuite.execute(TestNGXmlTestSuite.java:84) [surefire-testng-2.18.jar:2.18]
	at org.apache.maven.surefire.testng.TestNGProvider.invoke(TestNGProvider.java:90) [surefire-testng-2.18.jar:2.18]
	at org.apache.maven.surefire.booter.ForkedBooter.invokeProviderInSameClassLoader(ForkedBooter.java:203) [surefire-booter-2.18.jar:2.18]
	at org.apache.maven.surefire.booter.ForkedBooter.runSuitesInProcess(ForkedBooter.java:155) [surefire-booter-2.18.jar:2.18]
	at org.apache.maven.surefire.booter.ForkedBooter.main(ForkedBooter.java:103) [surefire-booter-2.18.jar:2.18]
12:06:18.277 [main] INFO  com.prokarma.base.TestBase - Loading all the required files
12:06:18.287 [main] INFO  com.prokarma.utils.PropertiesReader - Loading the property file : src\test\resources\com\prokarma\config\config.properties
12:06:18.287 [main] INFO  com.prokarma.utils.PropertiesReader - Loading the property file : src\test\resources\com\prokarma\config\request\Request.properties
12:06:18.307 [main] INFO  com.prokarma.utils.PropertiesReader - Loading the property file : src\test\resources\com\prokarma\config\errorhandles\ErrorCodes.properties
12:06:18.317 [main] INFO  com.prokarma.utils.PropertiesReader - src\test\resources\com\prokarma\config\errorhandles\ErrorCodes.properties (The system cannot find the file specified)
java.io.FileNotFoundException: src\test\resources\com\prokarma\config\errorhandles\ErrorCodes.properties (The system cannot find the file specified)
	at java.io.FileInputStream.open(Native Method) ~[na:1.8.0_20]
	at java.io.FileInputStream.<init>(FileInputStream.java:138) ~[na:1.8.0_20]
	at java.io.FileInputStream.<init>(FileInputStream.java:93) ~[na:1.8.0_20]
	at com.prokarma.utils.PropertiesReader.loadPropertyFile(PropertiesReader.java:33) ~[classes/:na]
	at com.prokarma.base.TestBase.setUp(TestBase.java:44) [classes/:na]
	at sun.reflect.NativeMethodAccessorImpl.invoke0(Native Method) ~[na:1.8.0_20]
	at sun.reflect.NativeMethodAccessorImpl.invoke(NativeMethodAccessorImpl.java:62) ~[na:1.8.0_20]
	at sun.reflect.DelegatingMethodAccessorImpl.invoke(DelegatingMethodAccessorImpl.java:43) ~[na:1.8.0_20]
	at java.lang.reflect.Method.invoke(Method.java:483) ~[na:1.8.0_20]
	at org.testng.internal.MethodInvocationHelper.invokeMethod(MethodInvocationHelper.java:84) [testng-6.8.8.jar:na]
	at org.testng.internal.Invoker.invokeConfigurationMethod(Invoker.java:564) [testng-6.8.8.jar:na]
	at org.testng.internal.Invoker.invokeConfigurations(Invoker.java:213) [testng-6.8.8.jar:na]
	at org.testng.internal.Invoker.invokeConfigurations(Invoker.java:138) [testng-6.8.8.jar:na]
	at org.testng.SuiteRunner.privateRun(SuiteRunner.java:291) [testng-6.8.8.jar:na]
	at org.testng.SuiteRunner.run(SuiteRunner.java:254) [testng-6.8.8.jar:na]
	at org.testng.SuiteRunnerWorker.runSuite(SuiteRunnerWorker.java:52) [testng-6.8.8.jar:na]
	at org.testng.SuiteRunnerWorker.run(SuiteRunnerWorker.java:86) [testng-6.8.8.jar:na]
	at org.testng.TestNG.runSuitesSequentially(TestNG.java:1224) [testng-6.8.8.jar:na]
	at org.testng.TestNG.runSuitesLocally(TestNG.java:1149) [testng-6.8.8.jar:na]
	at org.testng.TestNG.run(TestNG.java:1057) [testng-6.8.8.jar:na]
	at org.apache.maven.surefire.testng.TestNGExecutor.run(TestNGExecutor.java:295) [surefire-testng-2.18.jar:2.18]
	at org.apache.maven.surefire.testng.TestNGXmlTestSuite.execute(TestNGXmlTestSuite.java:84) [surefire-testng-2.18.jar:2.18]
	at org.apache.maven.surefire.testng.TestNGProvider.invoke(TestNGProvider.java:90) [surefire-testng-2.18.jar:2.18]
	at org.apache.maven.surefire.booter.ForkedBooter.invokeProviderInSameClassLoader(ForkedBooter.java:203) [surefire-booter-2.18.jar:2.18]
	at org.apache.maven.surefire.booter.ForkedBooter.runSuitesInProcess(ForkedBooter.java:155) [surefire-booter-2.18.jar:2.18]
	at org.apache.maven.surefire.booter.ForkedBooter.main(ForkedBooter.java:103) [surefire-booter-2.18.jar:2.18]
12:06:18.317 [main] INFO  com.prokarma.utils.FileUtil - Loading the Excel file : src\test\resources\com\prokarma\testdata\API_Details.xlsx
12:06:19.287 [main] INFO  com.prokarma.utils.DbReader -  Trying to create instance for DB
12:06:19.287 [main] INFO  com.prokarma.utils.DbReader -  Trying to connect database
12:06:19.467 [main] INFO  com.prokarma.utils.PropertiesReader - Loading the property file : src\test\resources\com\prokarma\config\config.properties
12:06:19.657 [main] INFO  com.prokarma.main.DriverScript - 

Executing test case TC_001: Emploee Date - Get Player details

12:06:19.657 [main] INFO  c.p.testfactory.APITestFactory - Final request url: http://10.5.50.129/prokarmacricket/getplayerdetails/
12:06:19.657 [main] INFO  c.p.testfactory.APITestFactory - No header key present, 
12:06:21.599 [main] INFO  com.prokarma.utils.FileUtil - Directory/File is created!Test_Output_files\11-02-2015_12_06_19\ TC_001_Response.txt
12:06:21.639 [main] INFO  com.prokarma.utils.DB2Manager - SELECT name, runs FROM player_details
12:06:21.649 [main] DEBUG com.prokarma.utils.DbReader -  inside read() method
12:06:21.649 [main] INFO  com.prokarma.utils.DB2Manager - [{name=Vijay, runs=59}, {name=Player, runs=69}]
12:06:22.079 [main] DEBUG com.prokarma.utils.DB2Manager - In getRowWiseValue, keyrow: name
12:06:22.079 [main] DEBUG com.prokarma.utils.DB2Manager - In getItemValue, key: name
12:06:22.079 [main] DEBUG com.prokarma.utils.DB2Manager - In getItemValue, value: Vijay
12:06:22.079 [main] INFO  c.p.testfactory.APITestFactory - Expected Value [From DB] : name = Vijay
12:06:22.089 [main] INFO  c.p.testfactory.APITestFactory - Actual Value [From JSON] : name[0] = Vijay
12:06:22.099 [main] DEBUG com.prokarma.utils.DB2Manager - In getRowWiseValue, keyrow: runs
12:06:22.099 [main] DEBUG com.prokarma.utils.DB2Manager - In getItemValue, key: runs
12:06:22.099 [main] DEBUG com.prokarma.utils.DB2Manager - In getItemValue, value: 59
12:06:22.099 [main] INFO  c.p.testfactory.APITestFactory - Expected Value [From DB] : runs = 59
12:06:22.099 [main] INFO  c.p.testfactory.APITestFactory - Actual Value [From JSON] : runs[0] = 59
12:06:22.711 [main] INFO  com.prokarma.main.DriverScript - 

Executing test case TC_002: Emploee Date - Get Player details

12:06:22.711 [main] INFO  c.p.testfactory.APITestFactory - Final request url: http://10.5.50.129/prokarmacricket/getplayerdetails/
12:06:22.791 [main] INFO  com.prokarma.utils.FileUtil - Directory/File is created!Test_Output_files\11-02-2015_12_06_19\ TC_002_Response.txt
12:06:22.801 [main] INFO  com.prokarma.utils.DB2Manager - SELECT name, runs FROM player_details
12:06:22.801 [main] DEBUG com.prokarma.utils.DbReader -  inside read() method
12:06:22.801 [main] INFO  com.prokarma.utils.DB2Manager - [{name=Vijay, runs=59}, {name=Player, runs=69}]
12:06:22.811 [main] DEBUG com.prokarma.utils.DB2Manager - In getRowWiseValue, keyrow: name
12:06:22.811 [main] DEBUG com.prokarma.utils.DB2Manager - In getItemValue, key: name
12:06:22.811 [main] DEBUG com.prokarma.utils.DB2Manager - In getItemValue, value: Vijay
12:06:22.811 [main] INFO  c.p.testfactory.APITestFactory - Expected Value [From DB] : name = Vijay
12:06:22.811 [main] INFO  c.p.testfactory.APITestFactory - Actual Value [From JSON] : name[0] = Vijay
12:06:22.831 [main] DEBUG com.prokarma.utils.DB2Manager - In getRowWiseValue, keyrow: runs
12:06:22.831 [main] DEBUG com.prokarma.utils.DB2Manager - In getItemValue, key: runs
12:06:22.831 [main] DEBUG com.prokarma.utils.DB2Manager - In getItemValue, value: 59
12:06:22.831 [main] INFO  c.p.testfactory.APITestFactory - Expected Value [From DB] : runs = 59
12:06:22.831 [main] INFO  c.p.testfactory.APITestFactory - Actual Value [From JSON] : runs[0] = 59
12:06:22.901 [main] INFO  com.prokarma.main.DriverScript - 

Executing test case TC_003: Emploee Date - Get Player details

12:06:22.901 [main] INFO  c.p.testfactory.APITestFactory - Final request url: http://10.5.50.129/prokarmacricket/getplayerdetails/
12:06:22.931 [main] INFO  com.prokarma.utils.FileUtil - Directory/File is created!Test_Output_files\11-02-2015_12_06_19\ TC_003_Response.txt
12:06:22.931 [main] INFO  com.prokarma.utils.DB2Manager - SELECT name, runs FROM player_details
12:06:22.931 [main] DEBUG com.prokarma.utils.DbReader -  inside read() method
12:06:22.931 [main] INFO  com.prokarma.utils.DB2Manager - [{name=Vijay, runs=59}, {name=Player, runs=69}]
12:06:22.951 [main] DEBUG com.prokarma.utils.DB2Manager - In getRowWiseValue, keyrow: name
12:06:22.951 [main] DEBUG com.prokarma.utils.DB2Manager - In getItemValue, key: name
12:06:22.951 [main] DEBUG com.prokarma.utils.DB2Manager - In getItemValue, value: Vijay
12:06:22.951 [main] INFO  c.p.testfactory.APITestFactory - Expected Value [From DB] : name = Vijay
12:06:22.951 [main] INFO  c.p.testfactory.APITestFactory - Actual Value [From JSON] : name[0] = Vijay
12:06:22.961 [main] DEBUG com.prokarma.utils.DB2Manager - In getRowWiseValue, keyrow: runs
12:06:22.961 [main] DEBUG com.prokarma.utils.DB2Manager - In getItemValue, key: runs
12:06:22.961 [main] DEBUG com.prokarma.utils.DB2Manager - In getItemValue, value: 59
12:06:22.961 [main] INFO  c.p.testfactory.APITestFactory - Expected Value [From DB] : runs = 59
12:06:22.961 [main] INFO  c.p.testfactory.APITestFactory - Actual Value [From JSON] : runs[0] = 59
12:06:23.034 [main] INFO  com.prokarma.main.DriverScript - 

Executing test case TC_004: Dispute summary Count - Invalid SE Number

12:06:23.035 [main] INFO  c.p.testfactory.APITestFactory - Test Skipped : TC_004 : Test Skipped as Run Mode was NO
12:06:23.223 [main] INFO  c.p.testfactory.APITestFactory - Clearing all the Test results from Excel sheet
