<?xml version="1.0" encoding="UTF-8"?>
<testng-results skipped="4" failed="0" total="4" passed="0">
  <reporter-output>
  </reporter-output>
  <suite name="API_Testing" duration-ms="490" started-at="2015-04-01T09:42:15Z" finished-at="2015-04-01T09:42:16Z">
    <groups>
    </groups>
    <test name="Disputes Webservices Testing" duration-ms="490" started-at="2015-04-01T09:42:15Z" finished-at="2015-04-01T09:42:16Z">
      <class name="com.prokarma.main.DriverScript">
        <test-method status="PASS" signature="setUp()[pri:0, instance:com.prokarma.main.DriverScript@23d2a7e8]" name="setUp" is-config="true" duration-ms="567" started-at="2015-04-01T15:12:15Z" finished-at="2015-04-01T15:12:15Z">
          <reporter-output>
          </reporter-output>
        </test-method> <!-- setUp -->
        <test-method status="FAIL" signature="init()[pri:0, instance:com.prokarma.main.DriverScript@23d2a7e8]" name="init" is-config="true" duration-ms="0" started-at="2015-04-01T15:12:15Z" finished-at="2015-04-01T15:12:15Z">
          <exception class="java.lang.AssertionError">
            <message>
              <![CDATA[Test Failed : Access denied for user 'root'@'localhost' (using password: NO)]]>
            </message>
            <full-stacktrace>
              <![CDATA[java.lang.AssertionError: Test Failed : Access denied for user 'root'@'localhost' (using password: NO)
	at org.testng.Assert.fail(Assert.java:94)
	at com.prokarma.testfactory.APITestFactory.testFailed(APITestFactory.java:559)
	at com.prokarma.testfactory.APITestFactory.init(APITestFactory.java:75)
	at sun.reflect.NativeMethodAccessorImpl.invoke0(Native Method)
	at sun.reflect.NativeMethodAccessorImpl.invoke(NativeMethodAccessorImpl.java:62)
	at sun.reflect.DelegatingMethodAccessorImpl.invoke(DelegatingMethodAccessorImpl.java:43)
	at java.lang.reflect.Method.invoke(Method.java:483)
	at org.testng.internal.MethodInvocationHelper.invokeMethod(MethodInvocationHelper.java:84)
	at org.testng.internal.Invoker.invokeConfigurationMethod(Invoker.java:564)
	at org.testng.internal.Invoker.invokeConfigurations(Invoker.java:213)
	at org.testng.internal.Invoker.invokeConfigurations(Invoker.java:138)
	at org.testng.internal.TestMethodWorker.invokeBeforeClassMethods(TestMethodWorker.java:175)
	at org.testng.internal.TestMethodWorker.run(TestMethodWorker.java:107)
	at org.testng.TestRunner.privateRun(TestRunner.java:767)
	at org.testng.TestRunner.run(TestRunner.java:617)
	at org.testng.SuiteRunner.runTest(SuiteRunner.java:348)
	at org.testng.SuiteRunner.runSequentially(SuiteRunner.java:343)
	at org.testng.SuiteRunner.privateRun(SuiteRunner.java:305)
	at org.testng.SuiteRunner.run(SuiteRunner.java:254)
	at org.testng.SuiteRunnerWorker.runSuite(SuiteRunnerWorker.java:52)
	at org.testng.SuiteRunnerWorker.run(SuiteRunnerWorker.java:86)
	at org.testng.TestNG.runSuitesSequentially(TestNG.java:1224)
	at org.testng.TestNG.runSuitesLocally(TestNG.java:1149)
	at org.testng.TestNG.run(TestNG.java:1057)
	at org.apache.maven.surefire.testng.TestNGExecutor.run(TestNGExecutor.java:295)
	at org.apache.maven.surefire.testng.TestNGXmlTestSuite.execute(TestNGXmlTestSuite.java:84)
	at org.apache.maven.surefire.testng.TestNGProvider.invoke(TestNGProvider.java:90)
	at org.apache.maven.surefire.booter.ForkedBooter.invokeProviderInSameClassLoader(ForkedBooter.java:203)
	at org.apache.maven.surefire.booter.ForkedBooter.runSuitesInProcess(ForkedBooter.java:155)
	at org.apache.maven.surefire.booter.ForkedBooter.main(ForkedBooter.java:103)
]]>
            </full-stacktrace>
          </exception> <!-- java.lang.AssertionError -->
          <reporter-output>
          </reporter-output>
        </test-method> <!-- init -->
        <test-method status="SKIP" signature="test(com.prokarma.dataprovider.RowDataWrapper)[pri:0, instance:com.prokarma.main.DriverScript@23d2a7e8]" name="test" duration-ms="1" started-at="2015-04-01T15:12:16Z" data-provider="getRowData" finished-at="2015-04-01T15:12:16Z">
          <params>
            <param index="0">
              <value>
                <![CDATA[TC_001: Emploee Date - Get Player details]]>
              </value>
            </param>
          </params>
          <reporter-output>
          </reporter-output>
        </test-method> <!-- test -->
        <test-method status="SKIP" signature="test(com.prokarma.dataprovider.RowDataWrapper)[pri:0, instance:com.prokarma.main.DriverScript@23d2a7e8]" name="test" duration-ms="1" started-at="2015-04-01T15:12:16Z" data-provider="getRowData" finished-at="2015-04-01T15:12:16Z">
          <params>
            <param index="0">
              <value>
                <![CDATA[TC_003: Emploee Date - Get Player details]]>
              </value>
            </param>
          </params>
          <reporter-output>
          </reporter-output>
        </test-method> <!-- test -->
        <test-method status="SKIP" signature="test(com.prokarma.dataprovider.RowDataWrapper)[pri:0, instance:com.prokarma.main.DriverScript@23d2a7e8]" name="test" duration-ms="0" started-at="2015-04-01T15:12:16Z" data-provider="getRowData" finished-at="2015-04-01T15:12:16Z">
          <params>
            <param index="0">
              <value>
                <![CDATA[TC_002: Emploee Date - Get Player details]]>
              </value>
            </param>
          </params>
          <reporter-output>
          </reporter-output>
        </test-method> <!-- test -->
        <test-method status="SKIP" signature="test(com.prokarma.dataprovider.RowDataWrapper)[pri:0, instance:com.prokarma.main.DriverScript@23d2a7e8]" name="test" duration-ms="1" started-at="2015-04-01T15:12:16Z" data-provider="getRowData" finished-at="2015-04-01T15:12:16Z">
          <params>
            <param index="0">
              <value>
                <![CDATA[TC_004: Dispute summary Count - Invalid SE Number]]>
              </value>
            </param>
          </params>
          <reporter-output>
          </reporter-output>
        </test-method> <!-- test -->
        <test-method status="SKIP" signature="tearDown()[pri:0, instance:com.prokarma.main.DriverScript@23d2a7e8]" name="tearDown" is-config="true" duration-ms="0" started-at="2015-04-01T15:12:16Z" finished-at="2015-04-01T15:12:16Z">
          <reporter-output>
          </reporter-output>
        </test-method> <!-- tearDown -->
      </class> <!-- com.prokarma.main.DriverScript -->
    </test> <!-- Disputes Webservices Testing -->
  </suite> <!-- API_Testing -->
</testng-results>
